This is pdfTeX, Version 3.141592653-2.6-1.40.24 (MiKTeX 22.10) (preloaded format=pdflatex 2023.1.22)  10 MAY 2023 14:29
entering extended mode
 restricted \write18 enabled.
 %&-line parsing enabled.
**./access.tex
(access.tex
LaTeX2e <2022-06-01> patch level 5
L3 programming layer <2022-09-28> (ieeeaccess.cls (IEEEtran.cls
Document Class: IEEEtran 2015/08/26 V1.8b by Michael Shell
-- See the "IEEEtran_HOWTO" manual for usage information.
-- http://www.michaelshell.org/tex/ieeetran/
\@IEEEtrantmpdimenA=\dimen138
\@IEEEtrantmpdimenB=\dimen139
\@IEEEtrantmpdimenC=\dimen140
\@IEEEtrantmpcountA=\count185
\@IEEEtrantmpcountB=\count186
\@IEEEtrantmpcountC=\count187
\@IEEEtrantmptoksA=\toks16
LaTeX Font Info:    Trying to load font information for OT1+ptm on input line 5
03.
(C:\Users\USER\AppData\Local\Programs\MiKTeX\tex/latex/psnfss\ot1ptm.fd
File: ot1ptm.fd 2001/06/04 font definitions for OT1/ptm.
)
-- Using 8.5in x 11in (letter) paper.
-- Using PDF output.
\@IEEEnormalsizeunitybaselineskip=\dimen141
-- This is a 10 point document.
\CLASSINFOnormalsizebaselineskip=\dimen142
\CLASSINFOnormalsizeunitybaselineskip=\dimen143
\IEEEnormaljot=\dimen144
LaTeX Font Info:    Font shape `OT1/ptm/bx/n' in size <5> not available
(Font)              Font shape `OT1/ptm/b/n' tried instead on input line 1090.
LaTeX Font Info:    Font shape `OT1/ptm/bx/it' in size <5> not available
(Font)              Font shape `OT1/ptm/b/it' tried instead on input line 1090.

LaTeX Font Info:    Font shape `OT1/ptm/bx/n' in size <7> not available
(Font)              Font shape `OT1/ptm/b/n' tried instead on input line 1090.
LaTeX Font Info:    Font shape `OT1/ptm/bx/it' in size <7> not available
(Font)              Font shape `OT1/ptm/b/it' tried instead on input line 1090.

LaTeX Font Info:    Font shape `OT1/ptm/bx/n' in size <8> not available
(Font)              Font shape `OT1/ptm/b/n' tried instead on input line 1090.
LaTeX Font Info:    Font shape `OT1/ptm/bx/it' in size <8> not available
(Font)              Font shape `OT1/ptm/b/it' tried instead on input line 1090.

LaTeX Font Info:    Font shape `OT1/ptm/bx/n' in size <9> not available
(Font)              Font shape `OT1/ptm/b/n' tried instead on input line 1090.
LaTeX Font Info:    Font shape `OT1/ptm/bx/it' in size <9> not available
(Font)              Font shape `OT1/ptm/b/it' tried instead on input line 1090.

LaTeX Font Info:    Font shape `OT1/ptm/bx/n' in size <10> not available
(Font)              Font shape `OT1/ptm/b/n' tried instead on input line 1090.
LaTeX Font Info:    Font shape `OT1/ptm/bx/it' in size <10> not available
(Font)              Font shape `OT1/ptm/b/it' tried instead on input line 1090.

LaTeX Font Info:    Font shape `OT1/ptm/bx/n' in size <11> not available
(Font)              Font shape `OT1/ptm/b/n' tried instead on input line 1090.
LaTeX Font Info:    Font shape `OT1/ptm/bx/it' in size <11> not available
(Font)              Font shape `OT1/ptm/b/it' tried instead on input line 1090.

LaTeX Font Info:    Font shape `OT1/ptm/bx/n' in size <12> not available
(Font)              Font shape `OT1/ptm/b/n' tried instead on input line 1090.
LaTeX Font Info:    Font shape `OT1/ptm/bx/it' in size <12> not available
(Font)              Font shape `OT1/ptm/b/it' tried instead on input line 1090.

LaTeX Font Info:    Font shape `OT1/ptm/bx/n' in size <17> not available
(Font)              Font shape `OT1/ptm/b/n' tried instead on input line 1090.
LaTeX Font Info:    Font shape `OT1/ptm/bx/it' in size <17> not available
(Font)              Font shape `OT1/ptm/b/it' tried instead on input line 1090.

LaTeX Font Info:    Font shape `OT1/ptm/bx/n' in size <20> not available
(Font)              Font shape `OT1/ptm/b/n' tried instead on input line 1090.
LaTeX Font Info:    Font shape `OT1/ptm/bx/it' in size <20> not available
(Font)              Font shape `OT1/ptm/b/it' tried instead on input line 1090.

LaTeX Font Info:    Font shape `OT1/ptm/bx/n' in size <24> not available
(Font)              Font shape `OT1/ptm/b/n' tried instead on input line 1090.
LaTeX Font Info:    Font shape `OT1/ptm/bx/it' in size <24> not available
(Font)              Font shape `OT1/ptm/b/it' tried instead on input line 1090.

\IEEEquantizedlength=\dimen145
\IEEEquantizedlengthdiff=\dimen146
\IEEEquantizedtextheightdiff=\dimen147
\IEEEilabelindentA=\dimen148
\IEEEilabelindentB=\dimen149
\IEEEilabelindent=\dimen150
\IEEEelabelindent=\dimen151
\IEEEdlabelindent=\dimen152
\IEEElabelindent=\dimen153
\IEEEiednormlabelsep=\dimen154
\IEEEiedmathlabelsep=\dimen155
\IEEEiedtopsep=\skip47
\c@section=\count188
\c@subsection=\count189
\c@subsubsection=\count190
\c@paragraph=\count191
\c@IEEEsubequation=\count192
\abovecaptionskip=\skip48
\belowcaptionskip=\skip49
\c@figure=\count193
\c@table=\count194
\@IEEEeqnnumcols=\count195
\@IEEEeqncolcnt=\count196
\@IEEEsubeqnnumrollback=\count197
\@IEEEquantizeheightA=\dimen156
\@IEEEquantizeheightB=\dimen157
\@IEEEquantizeheightC=\dimen158
\@IEEEquantizeprevdepth=\dimen159
\@IEEEquantizemultiple=\count198
\@IEEEquantizeboxA=\box51
\@IEEEtmpitemindent=\dimen160
\IEEEPARstartletwidth=\dimen161
\c@IEEEbiography=\count199
\@IEEEtranrubishbin=\box52
) (C:\Users\USER\AppData\Local\Programs\MiKTeX\tex/generic/iftex\ifpdf.sty
Package: ifpdf 2019/10/25 v3.4 ifpdf legacy package. Use iftex instead.

(C:\Users\USER\AppData\Local\Programs\MiKTeX\tex/generic/iftex\iftex.sty
Package: iftex 2022/02/03 v1.0f TeX engine tests
))
(C:\Users\USER\AppData\Local\Programs\MiKTeX\tex/latex/xkeyval\xkeyval.sty
Package: xkeyval 2022/06/16 v2.9 package option processing (HA)

(C:\Users\USER\AppData\Local\Programs\MiKTeX\tex/generic/xkeyval\xkeyval.tex
(C:\Users\USER\AppData\Local\Programs\MiKTeX\tex/generic/xkeyval\xkvutils.tex
\XKV@toks=\toks17
\XKV@tempa@toks=\toks18

(C:\Users\USER\AppData\Local\Programs\MiKTeX\tex/generic/xkeyval\keyval.tex))
\XKV@depth=\count266
File: xkeyval.tex 2014/12/03 v2.7a key=value parser (HA)
)){C:/Users/USER/AppData/Local/MiKTeX/fonts/map/pdftex/pdftex.map}

pdfTeX warning: pdflatex.exe (file t1-times.map): cannot open font map file


pdfTeX warning: pdflatex.exe (file t1-formata.map): cannot open font map file


pdfTeX warning: pdflatex.exe (file t1-giovannistd.map): cannot open font map fi
le
\@draftversionrule=\dimen162
(C:\Users\USER\AppData\Local\Programs\MiKTeX\tex/latex/graphics\color.sty
Package: color 2022/01/06 v1.3d Standard LaTeX Color (DPC)

(C:\Users\USER\AppData\Local\Programs\MiKTeX\tex/latex/graphics-cfg\color.cfg
File: color.cfg 2016/01/02 v1.6 sample color configuration
)
Package color Info: Driver file: pdftex.def on input line 149.

(C:\Users\USER\AppData\Local\Programs\MiKTeX\tex/latex/graphics-def\pdftex.def
File: pdftex.def 2022/09/22 v1.2b Graphics/color driver for pdftex
\stockwidth=\dimen163
\stockheight=\dimen164
) (C:\Users\USER\AppData\Local\Programs\MiKTeX\tex/latex/graphics\mathcolor.ltx
))
(C:\Users\USER\AppData\Local\Programs\MiKTeX\tex/latex/spotcolor\spotcolor.sty
Package: spotcolor 2006/11/15 v1.2 Package for adding Spot Color support to pdf
LaTeX.

(C:\Users\USER\AppData\Local\Programs\MiKTeX\tex/latex/graphics\graphics.sty
Package: graphics 2022/03/10 v1.4e Standard LaTeX Graphics (DPC,SPQR)

(C:\Users\USER\AppData\Local\Programs\MiKTeX\tex/latex/graphics\trig.sty
Package: trig 2021/08/11 v1.11 sin cos tan (DPC)
)
(C:\Users\USER\AppData\Local\Programs\MiKTeX\tex/latex/graphics-cfg\graphics.cf
g
File: graphics.cfg 2016/06/04 v1.11 sample graphics configuration
)
Package graphics Info: Driver file: pdftex.def on input line 107.
)
\thecolorprofile=\count267
\thecolor=\count268
)
\PANTONE=\toks19
Package color Info: Redefining color black on input line 134.
\figbox=\box53
\titlewidth=\skip50
\abstractwidth=\skip51
\c@addrCtr=\count269
\abstractbox=\box54
\indexbox=\box55
\absht=\dimen165
\kwdht=\dimen166
\@tempcntc=\count270
\titlepgskip=\skip52
\maketitlebox=\box56
) (C:\Users\USER\AppData\Local\Programs\MiKTeX\tex/latex/cite\cite.sty
LaTeX Info: Redefining \cite on input line 302.
LaTeX Info: Redefining \nocite on input line 332.
Package: cite 2015/02/27  v 5.5
)
(C:\Users\USER\AppData\Local\Programs\MiKTeX\tex/latex/amsmath\amsmath.sty
Package: amsmath 2022/04/08 v2.17n AMS math features
\@mathmargin=\skip53

For additional information on amsmath, use the `?' option.
(C:\Users\USER\AppData\Local\Programs\MiKTeX\tex/latex/amsmath\amstext.sty
Package: amstext 2021/08/26 v2.01 AMS text

(C:\Users\USER\AppData\Local\Programs\MiKTeX\tex/latex/amsmath\amsgen.sty
File: amsgen.sty 1999/11/30 v2.0 generic functions
\@emptytoks=\toks20
\ex@=\dimen167
))
(C:\Users\USER\AppData\Local\Programs\MiKTeX\tex/latex/amsmath\amsbsy.sty
Package: amsbsy 1999/11/29 v1.2d Bold Symbols
\pmbraise@=\dimen168
)
(C:\Users\USER\AppData\Local\Programs\MiKTeX\tex/latex/amsmath\amsopn.sty
Package: amsopn 2022/04/08 v2.04 operator names
)
\inf@bad=\count271
LaTeX Info: Redefining \frac on input line 234.
\uproot@=\count272
\leftroot@=\count273
LaTeX Info: Redefining \overline on input line 399.
LaTeX Info: Redefining \colon on input line 410.
\classnum@=\count274
\DOTSCASE@=\count275
LaTeX Info: Redefining \ldots on input line 496.
LaTeX Info: Redefining \dots on input line 499.
LaTeX Info: Redefining \cdots on input line 620.
\Mathstrutbox@=\box57
\strutbox@=\box58
LaTeX Info: Redefining \big on input line 722.
LaTeX Info: Redefining \Big on input line 723.
LaTeX Info: Redefining \bigg on input line 724.
LaTeX Info: Redefining \Bigg on input line 725.
\big@size=\dimen169
LaTeX Font Info:    Redeclaring font encoding OML on input line 743.
LaTeX Font Info:    Redeclaring font encoding OMS on input line 744.
\macc@depth=\count276
LaTeX Info: Redefining \bmod on input line 905.
LaTeX Info: Redefining \pmod on input line 910.
LaTeX Info: Redefining \smash on input line 940.
LaTeX Info: Redefining \relbar on input line 970.
LaTeX Info: Redefining \Relbar on input line 971.
\c@MaxMatrixCols=\count277
\dotsspace@=\muskip16
\c@parentequation=\count278
\dspbrk@lvl=\count279
\tag@help=\toks21
\row@=\count280
\column@=\count281
\maxfields@=\count282
\andhelp@=\toks22
\eqnshift@=\dimen170
\alignsep@=\dimen171
\tagshift@=\dimen172
\tagwidth@=\dimen173
\totwidth@=\dimen174
\lineht@=\dimen175
\@envbody=\toks23
\multlinegap=\skip54
\multlinetaggap=\skip55
\mathdisplay@stack=\toks24
LaTeX Info: Redefining \[ on input line 2953.
LaTeX Info: Redefining \] on input line 2954.
)
(C:\Users\USER\AppData\Local\Programs\MiKTeX\tex/latex/amsfonts\amssymb.sty
Package: amssymb 2013/01/14 v3.01 AMS font symbols

(C:\Users\USER\AppData\Local\Programs\MiKTeX\tex/latex/amsfonts\amsfonts.sty
Package: amsfonts 2013/01/14 v3.01 Basic AMSFonts support
\symAMSa=\mathgroup4
\symAMSb=\mathgroup5
LaTeX Font Info:    Redeclaring math symbol \hbar on input line 98.
LaTeX Font Info:    Overwriting math alphabet `\mathfrak' in version `bold'
(Font)                  U/euf/m/n --> U/euf/b/n on input line 106.
))
(C:\Users\USER\AppData\Local\Programs\MiKTeX\tex/latex/algorithms\algorithmic.s
ty
Package: algorithmic 2009/08/24 v0.1 Document Style `algorithmic'
 (C:\Users\USER\AppData\Local\Programs\MiKTeX\tex/latex/base\ifthen.sty
Package: ifthen 2022/04/13 v1.1d Standard LaTeX ifthen package (DPC)
)
\c@ALC@unique=\count283
\c@ALC@line=\count284
\c@ALC@rem=\count285
\c@ALC@depth=\count286
\ALC@tlm=\skip56
\algorithmicindent=\skip57
)
(C:\Users\USER\AppData\Local\Programs\MiKTeX\tex/latex/graphics\graphicx.sty
Package: graphicx 2021/09/16 v1.2d Enhanced LaTeX Graphics (DPC,SPQR)
\Gin@req@height=\dimen176
\Gin@req@width=\dimen177
)
(C:\Users\USER\AppData\Local\Programs\MiKTeX\tex/latex/sttools\stfloats.sty
Package: stfloats 2017/03/27 v3.3 Improve float mechanism and baselineskip sett
ings
\@dblbotnum=\count287
\c@dblbotnumber=\count288
)
(C:\Users\USER\AppData\Local\Programs\MiKTeX\tex/latex/subfigure\subfigure.sty
Package: subfigure 2002/07/30 v2.1.4 subfigure package
\subfigtopskip=\skip58
\subfigcapskip=\skip59
\subfigcaptopadj=\dimen178
\subfigbottomskip=\skip60
\subfigcapmargin=\dimen179
\subfiglabelskip=\skip61
\c@subfigure=\count289
\c@lofdepth=\count290
\c@subtable=\count291
\c@lotdepth=\count292

****************************************
* Local config file subfigure.cfg used *
****************************************
(C:\Users\USER\AppData\Local\Programs\MiKTeX\tex/latex/subfigure\subfigure.cfg)
\subfig@top=\skip62
\subfig@bottom=\skip63
) (C:\Users\USER\AppData\Local\Programs\MiKTeX\tex/latex/float\float.sty
Package: float 2001/11/08 v1.3d Float enhancements (AL)
\c@float@type=\count293
\float@exts=\toks25
\float@box=\box59
\@float@everytoks=\toks26
\@floatcapt=\box60
)
(C:\Users\USER\AppData\Local\Programs\MiKTeX\tex/latex/multirow\multirow.sty
Package: multirow 2021/03/15 v2.8 Span multiple rows of a table
\multirow@colwidth=\skip64
\multirow@cntb=\count294
\multirow@dima=\skip65
\bigstrutjot=\dimen180
)
(C:\Users\USER\AppData\Local\Programs\MiKTeX\tex/latex/tools\multicol.sty
Package: multicol 2021/11/30 v1.9d multicolumn formatting (FMi)
\c@tracingmulticols=\count295
\mult@box=\box61
\multicol@leftmargin=\dimen181
\c@unbalance=\count296
\c@collectmore=\count297
\doublecol@number=\count298
\multicoltolerance=\count299
\multicolpretolerance=\count300
\full@width=\dimen182
\page@free=\dimen183
\premulticols=\dimen184
\postmulticols=\dimen185
\multicolsep=\skip66
\multicolbaselineskip=\skip67
\partial@page=\box62
\last@line=\box63
\maxbalancingoverflow=\dimen186
\mult@rightbox=\box64
\mult@grightbox=\box65
\mult@firstbox=\box66
\mult@gfirstbox=\box67
\@tempa=\box68
\@tempa=\box69
\@tempa=\box70
\@tempa=\box71
\@tempa=\box72
\@tempa=\box73
\@tempa=\box74
\@tempa=\box75
\@tempa=\box76
\@tempa=\box77
\@tempa=\box78
\@tempa=\box79
\@tempa=\box80
\@tempa=\box81
\@tempa=\box82
\@tempa=\box83
\@tempa=\box84
\@tempa=\box85
\@tempa=\box86
\@tempa=\box87
\@tempa=\box88
\@tempa=\box89
\@tempa=\box90
\@tempa=\box91
\@tempa=\box92
\@tempa=\box93
\@tempa=\box94
\@tempa=\box95
\@tempa=\box96
\@tempa=\box97
\@tempa=\box98
\@tempa=\box99
\@tempa=\box100
\@tempa=\box101
\@tempa=\box102
\@tempa=\box103
\c@minrows=\count301
\c@columnbadness=\count302
\c@finalcolumnbadness=\count303
\last@try=\dimen187
\multicolovershoot=\dimen188
\multicolundershoot=\dimen189
\mult@nat@firstbox=\box104
\colbreak@box=\box105
\mc@col@check@num=\count304
)
(C:\Users\USER\AppData\Local\Programs\MiKTeX\tex/latex/enumitem\enumitem.sty
Package: enumitem 2019/06/20 v3.9 Customized lists
\enitkv@toks@=\toks27
\labelindent=\skip68
\enit@outerparindent=\dimen190
\enit@toks=\toks28
\enit@inbox=\box106
\enit@count@id=\count305
\enitdp@description=\count306
)
(C:\Users\USER\AppData\Local\Programs\MiKTeX\tex/latex/xcolor\xcolor.sty
Package: xcolor 2022/06/12 v2.14 LaTeX color extensions (UK)

(C:\Users\USER\AppData\Local\Programs\MiKTeX\tex/latex/graphics-cfg\color.cfg
File: color.cfg 2016/01/02 v1.6 sample color configuration
)
Package xcolor Info: Driver file: pdftex.def on input line 227.
LaTeX Info: Redefining \color on input line 711.

(C:\Users\USER\AppData\Local\Programs\MiKTeX\tex/latex/graphics\mathcolor.ltx)
Package xcolor Info: Model `cmy' substituted by `cmy0' on input line 1353.
Package xcolor Info: Model `hsb' substituted by `rgb' on input line 1357.
Package xcolor Info: Model `RGB' extended on input line 1369.
Package xcolor Info: Model `HTML' substituted by `rgb' on input line 1371.
Package xcolor Info: Model `Hsb' substituted by `hsb' on input line 1372.
Package xcolor Info: Model `tHsb' substituted by `hsb' on input line 1373.
Package xcolor Info: Model `HSB' substituted by `hsb' on input line 1374.
Package xcolor Info: Model `Gray' substituted by `gray' on input line 1375.
Package xcolor Info: Model `wave' substituted by `hsb' on input line 1376.
) (C:\Users\USER\AppData\Local\Programs\MiKTeX\tex/latex/romannum\romannum.sty
Package: romannum 2009/09/03 v1.0b roman numerals

(C:\Users\USER\AppData\Local\Programs\MiKTeX\tex/latex/stdclsdv\stdclsdv.sty
Package: stdclsdv 2009/09/04 v1.1a Sectional divisions
))
(C:\Users\USER\AppData\Local\Programs\MiKTeX\tex/latex/base\textcomp.sty
Package: textcomp 2020/02/02 v2.0n Standard LaTeX package
)
(C:\Users\USER\AppData\Local\Programs\MiKTeX\tex/latex/l3backend\l3backend-pdft
ex.def
File: l3backend-pdftex.def 2022-09-28 L3 backend support: PDF output (pdfTeX)
\l__color_backend_stack_int=\count307
\l__pdf_internal_box=\box107
) (access.aux

LaTeX Warning: Label `fig:7' multiply defined.


LaTeX Warning: Label `fig:7' multiply defined.


LaTeX Warning: Label `fig:10' multiply defined.


LaTeX Warning: Label `table1' multiply defined.


LaTeX Warning: Label `fig:16' multiply defined.


LaTeX Warning: Label `table1' multiply defined.


LaTeX Warning: Label `table1' multiply defined.


LaTeX Warning: Label `fig:17' multiply defined.


LaTeX Warning: Label `fig:17' multiply defined.

)
\openout1 = `access.aux'.

LaTeX Font Info:    Checking defaults for OML/cmm/m/it on input line 21.
LaTeX Font Info:    ... okay on input line 21.
LaTeX Font Info:    Checking defaults for OMS/cmsy/m/n on input line 21.
LaTeX Font Info:    ... okay on input line 21.
LaTeX Font Info:    Checking defaults for OT1/cmr/m/n on input line 21.
LaTeX Font Info:    ... okay on input line 21.
LaTeX Font Info:    Checking defaults for T1/cmr/m/n on input line 21.
LaTeX Font Info:    ... okay on input line 21.
LaTeX Font Info:    Checking defaults for TS1/cmr/m/n on input line 21.
LaTeX Font Info:    ... okay on input line 21.
LaTeX Font Info:    Checking defaults for OMX/cmex/m/n on input line 21.
LaTeX Font Info:    ... okay on input line 21.
LaTeX Font Info:    Checking defaults for U/cmr/m/n on input line 21.
LaTeX Font Info:    ... okay on input line 21.

-- Lines per column: 56 (exact).
LaTeX Font Info:    Trying to load font information for T1+ptm on input line 21
.
(C:\Users\USER\AppData\Local\Programs\MiKTeX\tex/latex/psnfss\t1ptm.fd
File: t1ptm.fd 2001/06/04 font definitions for T1/ptm.
)

LaTeX Font Warning: Font shape `T1/ptm/n/n' undefined
(Font)              using `T1/ptm/m/n' instead on input line 21.


(C:\Users\USER\AppData\Local\Programs\MiKTeX\tex/context/base/mkii\supp-pdf.mki
i
[Loading MPS to PDF converter (version 2006.09.02).]
\scratchcounter=\count308
\scratchdimen=\dimen191
\scratchbox=\box108
\nofMPsegments=\count309
\nofMParguments=\count310
\everyMPshowfont=\toks29
\MPscratchCnt=\count311
\MPscratchDim=\dimen192
\MPnumerator=\count312
\makeMPintoPDFobject=\count313
\everyMPtoPDFconversion=\toks30
)
(C:\Users\USER\AppData\Local\Programs\MiKTeX\tex/latex/epstopdf-pkg\epstopdf-ba
se.sty
Package: epstopdf-base 2020-01-24 v2.11 Base part for package epstopdf
Package epstopdf-base Info: Redefining graphics rule for `.eps' on input line 4
85.

(C:\Users\USER\AppData\Local\Programs\MiKTeX\tex/latex/00miktex\epstopdf-sys.cf
g
File: epstopdf-sys.cfg 2021/03/18 v2.0 Configuration of epstopdf for MiKTeX
))
<bullet.png, id=3, 12.045pt x 35.38219pt>
File: bullet.png Graphic file (type png)
<use bullet.png>
Package pdftex.def Info: bullet.png  used on input line 39.
(pdftex.def)             Requested size: 5.0pt x 14.6871pt.


Package xcolor Warning: Incompatible color definition on input line 39.

LaTeX Font Info:    Trying to load font information for T1+phv on input line 39
.
(C:\Users\USER\AppData\Local\Programs\MiKTeX\tex/latex/psnfss\t1phv.fd
File: t1phv.fd 2020/03/25 scalable font definitions for T1/phv.
)

LaTeX Font Warning: Font shape `T1/phv/n/n' undefined
(Font)              using `T1/phv/m/n' instead on input line 39.

File: bullet.png Graphic file (type png)
<use bullet.png>
Package pdftex.def Info: bullet.png  used on input line 43.
(pdftex.def)             Requested size: 5.0pt x 14.6871pt.

Package xcolor Warning: Incompatible color definition on input line 43.


Package xcolor Warning: Incompatible color definition on input line 49.

LaTeX Font Info:    Calculating math sizes for size <9.9> on input line 49.
LaTeX Font Info:    Trying to load font information for U+msa on input line 49.

(C:\Users\USER\AppData\Local\Programs\MiKTeX\tex/latex/amsfonts\umsa.fd
File: umsa.fd 2013/01/14 v3.01 AMS symbols A
)
LaTeX Font Info:    Trying to load font information for U+msb on input line 49.


(C:\Users\USER\AppData\Local\Programs\MiKTeX\tex/latex/amsfonts\umsb.fd
File: umsb.fd 2013/01/14 v3.01 AMS symbols B
)
LaTeX Font Info:    Calculating math sizes for size <6.6> on input line 49.
LaTeX Font Info:    Calculating math sizes for size <7.7> on input line 49.

Overfull \hbox (9.2679pt too wide) in paragraph at lines 49--49
[]  
 []


Overfull \hbox (9.2679pt too wide) in paragraph at lines 49--49
[]  
 []


Package xcolor Warning: Incompatible color definition on input line 51.


Underfull \vbox (badness 6592) has occurred while \output is active []


Underfull \vbox (badness 10000) has occurred while \output is active []



Package xcolor Warning: Incompatible color definition on input line 54.

<Logo.png, id=4, 206.27063pt x 53.44969pt>
File: Logo.png Graphic file (type png)
<use Logo.png>
Package pdftex.def Info: Logo.png  used on input line 54.
(pdftex.def)             Requested size: 91.32pt x 23.66309pt.

Overfull \hbox (505.12177pt too wide) has occurred while \output is active
[]
 []


Overfull \hbox (505.12177pt too wide) has occurred while \output is active
[]
 []


Overfull \hbox (505.12177pt too wide) has occurred while \output is active
[]
 []


Underfull \hbox (badness 10000) has occurred while \output is active
[]
 []

[1


 <./Logo.png> <./bullet.png>]
\xfigwd=\skip69


pdfTeX warning: pdflatex.exe (file ./1FIGURE.pdf): PDF inclusion: found PDF ver
sion <1.7>, but at most version <1.5> allowed
<1FIGURE.pdf, id=16, 650.43pt x 542.025pt>
File: 1FIGURE.pdf Graphic file (type pdf)
<use 1FIGURE.pdf>
Package pdftex.def Info: 1FIGURE.pdf  used on input line 62.
(pdftex.def)             Requested size: 242.67355pt x 202.22504pt.

Package xcolor Warning: Incompatible color definition on input line 63.


Package xcolor Warning: Incompatible color definition on input line 63.

<notaglineLogo.png, id=17, 169.38281pt x 42.91031pt>
File: notaglineLogo.png Graphic file (type png)
<use notaglineLogo.png>
Package pdftex.def Info: notaglineLogo.png  used on input line 81.
(pdftex.def)             Requested size: 91.32pt x 23.1352pt.

Overfull \hbox (505.12177pt too wide) has occurred while \output is active
[]
 []


Overfull \hbox (505.12177pt too wide) has occurred while \output is active
[]
 []


Underfull \hbox (badness 10000) has occurred while \output is active
[]
 []

[2 <./notaglineLogo.png> <./1FIGURE.pdf>]

Package xcolor Warning: Incompatible color definition on input line 85.

LaTeX Font Info:    Trying to load font information for T1+pcr on input line 90
.
(C:\Users\USER\AppData\Local\Programs\MiKTeX\tex/latex/psnfss\t1pcr.fd
File: t1pcr.fd 2001/06/04 font definitions for T1/pcr.
)

LaTeX Font Warning: Font shape `T1/pcr/n/n' undefined
(Font)              using `T1/pcr/m/n' instead on input line 90.

File: notaglineLogo.png Graphic file (type png)
<use notaglineLogo.png>
Package pdftex.def Info: notaglineLogo.png  used on input line 91.
(pdftex.def)             Requested size: 91.32pt x 23.1352pt.

Overfull \hbox (505.12177pt too wide) has occurred while \output is active
[]
 []


Overfull \hbox (505.12177pt too wide) has occurred while \output is active
[]
 []


Underfull \hbox (badness 10000) has occurred while \output is active
[]
 []

[3]

pdfTeX warning: pdflatex.exe (file ./2Figure.pdf): PDF inclusion: found PDF ver
sion <1.7>, but at most version <1.5> allowed
<2Figure.pdf, id=85, 963.6pt x 542.025pt>
File: 2Figure.pdf Graphic file (type pdf)
<use 2Figure.pdf>
Package pdftex.def Info: 2Figure.pdf  used on input line 96.
(pdftex.def)             Requested size: 505.12177pt x 284.12904pt.

Package xcolor Warning: Incompatible color definition on input line 97.


Package xcolor Warning: Incompatible color definition on input line 97.


Package xcolor Warning: Incompatible color definition on input line 101.


Underfull \hbox (badness 1584) in paragraph at lines 102--104
\T1/ptm/n/n/10 In this sec-tion, we have dis-cussed a de-tailed ex-pla-na-
 []


Underfull \hbox (badness 1460) in paragraph at lines 102--104
\T1/ptm/n/n/10 as Squeeze-and-ExcitationNext for Sin-gle Im-age Super-
 []

File: notaglineLogo.png Graphic file (type png)
<use notaglineLogo.png>
Package pdftex.def Info: notaglineLogo.png  used on input line 104.
(pdftex.def)             Requested size: 91.32pt x 23.1352pt.

Overfull \hbox (505.12177pt too wide) has occurred while \output is active
[]
 []


Overfull \hbox (505.12177pt too wide) has occurred while \output is active
[]
 []


Underfull \hbox (badness 10000) has occurred while \output is active
[]
 []

[4]

pdfTeX warning: pdflatex.exe (file ./3FIGURE.pdf): PDF inclusion: found PDF ver
sion <1.7>, but at most version <1.5> allowed
<3FIGURE.pdf, id=90, 469.755pt x 433.62pt>
File: 3FIGURE.pdf Graphic file (type pdf)
<use 3FIGURE.pdf>
Package pdftex.def Info: 3FIGURE.pdf  used on input line 109.
(pdftex.def)             Requested size: 242.67355pt x 224.0016pt.

Package xcolor Warning: Incompatible color definition on input line 110.


Package xcolor Warning: Incompatible color definition on input line 110.


Package xcolor Warning: Incompatible color definition on input line 115.


Underfull \vbox (badness 4072) has occurred while \output is active []


Underfull \hbox (badness 1852) in paragraph at lines 121--123
\T1/ptm/n/n/10 where $[]$$\OT1/cmr/m/n/10 (\OML/cmm/m/it/10 :\OT1/cmr/m/n/10 )$
 \T1/ptm/n/n/10 rep-re-sents con-vo-lu-tion op-er-a-tion, and
 []


Package xcolor Warning: Incompatible color definition on input line 123.


Underfull \hbox (badness 1817) in paragraph at lines 124--125
\T1/ptm/n/n/10 For im-age and com-puter vision-based ap-pli-ca-tions, the
 []

File: notaglineLogo.png Graphic file (type png)
<use notaglineLogo.png>
Package pdftex.def Info: notaglineLogo.png  used on input line 125.
(pdftex.def)             Requested size: 91.32pt x 23.1352pt.

Overfull \hbox (505.12177pt too wide) has occurred while \output is active
[]
 []


Overfull \hbox (505.12177pt too wide) has occurred while \output is active
[]
 []


Underfull \hbox (badness 10000) has occurred while \output is active
[]
 []

[5 <./2Figure.pdf> <./3FIGURE.pdf

pdfTeX warning: pdflatex.exe (file ./3FIGURE.pdf): PDF inclusion: multiple pdfs
 with page group included in a single page
>]

pdfTeX warning: pdflatex.exe (file ./4Figure.pdf): PDF inclusion: found PDF ver
sion <1.7>, but at most version <1.5> allowed
<4Figure.pdf, id=187, 963.6pt x 542.025pt>
File: 4Figure.pdf Graphic file (type pdf)
<use 4Figure.pdf>
Package pdftex.def Info: 4Figure.pdf  used on input line 129.
(pdftex.def)             Requested size: 505.12177pt x 284.12904pt.

Package xcolor Warning: Incompatible color definition on input line 130.


Package xcolor Warning: Incompatible color definition on input line 130.



pdfTeX warning: pdflatex.exe (file ./5Figure.pdf): PDF inclusion: found PDF ver
sion <1.7>, but at most version <1.5> allowed
<5Figure.pdf, id=188, 963.6pt x 542.025pt>
File: 5Figure.pdf Graphic file (type pdf)
<use 5Figure.pdf>
Package pdftex.def Info: 5Figure.pdf  used on input line 137.
(pdftex.def)             Requested size: 505.12177pt x 284.12904pt.

Package xcolor Warning: Incompatible color definition on input line 138.


Package xcolor Warning: Incompatible color definition on input line 138.


Package xcolor Warning: Incompatible color definition on input line 146.



pdfTeX warning: pdflatex.exe (file ./6FIGURE.pdf): PDF inclusion: found PDF ver
sion <1.7>, but at most version <1.5> allowed
<6FIGURE.pdf, id=189, 484.209pt x 361.35pt>
File: 6FIGURE.pdf Graphic file (type pdf)
<use 6FIGURE.pdf>
Package pdftex.def Info: 6FIGURE.pdf  used on input line 150.
(pdftex.def)             Requested size: 242.67355pt x 181.0991pt.

Package xcolor Warning: Incompatible color definition on input line 151.


Package xcolor Warning: Incompatible color definition on input line 151.


Package xcolor Warning: Incompatible color definition on input line 157.

File: notaglineLogo.png Graphic file (type png)
<use notaglineLogo.png>
Package pdftex.def Info: notaglineLogo.png  used on input line 159.
(pdftex.def)             Requested size: 91.32pt x 23.1352pt.

Overfull \hbox (505.12177pt too wide) has occurred while \output is active
[]
 []


Overfull \hbox (505.12177pt too wide) has occurred while \output is active
[]
 []


Underfull \hbox (badness 10000) has occurred while \output is active
[]
 []

[6 <./4Figure.pdf>]

pdfTeX warning: pdflatex.exe (file ./7FIGURE.pdf): PDF inclusion: found PDF ver
sion <1.7>, but at most version <1.5> allowed
<7FIGURE.pdf, id=264, 361.35pt x 108.405pt>
File: 7FIGURE.pdf Graphic file (type pdf)
<use 7FIGURE.pdf>
Package pdftex.def Info: 7FIGURE.pdf  used on input line 162.
(pdftex.def)             Requested size: 242.67355pt x 72.803pt.

Package xcolor Warning: Incompatible color definition on input line 163.


Package xcolor Warning: Incompatible color definition on input line 163.


Package xcolor Warning: Incompatible color definition on input line 169.



pdfTeX warning: pdflatex.exe (file ./8FIGURE.pdf): PDF inclusion: found PDF ver
sion <1.7>, but at most version <1.5> allowed
<8FIGURE.pdf, id=265, 505.89pt x 108.405pt>
File: 8FIGURE.pdf Graphic file (type pdf)
<use 8FIGURE.pdf>
Package pdftex.def Info: 8FIGURE.pdf  used on input line 173.
(pdftex.def)             Requested size: 242.67355pt x 52.00237pt.

Package xcolor Warning: Incompatible color definition on input line 174.


Package xcolor Warning: Incompatible color definition on input line 174.


Package xcolor Warning: Incompatible color definition on input line 180.

File: notaglineLogo.png Graphic file (type png)
<use notaglineLogo.png>
Package pdftex.def Info: notaglineLogo.png  used on input line 182.
(pdftex.def)             Requested size: 91.32pt x 23.1352pt.

Overfull \hbox (505.12177pt too wide) has occurred while \output is active
[]
 []


Overfull \hbox (505.12177pt too wide) has occurred while \output is active
[]
 []


Underfull \hbox (badness 10000) has occurred while \output is active
[]
 []

[7 <./5Figure.pdf> <./6FIGURE.pdf

pdfTeX warning: pdflatex.exe (file ./6FIGURE.pdf): PDF inclusion: multiple pdfs
 with page group included in a single page
> <./7FIGURE.pdf

pdfTeX warning: pdflatex.exe (file ./7FIGURE.pdf): PDF inclusion: multiple pdfs
 with page group included in a single page
> <./8FIGURE.pdf

pdfTeX warning: pdflatex.exe (file ./8FIGURE.pdf): PDF inclusion: multiple pdfs
 with page group included in a single page
>]

Package xcolor Warning: Incompatible color definition on input line 182.

<9FIGURE.pdf, id=454, 433.62pt x 289.08pt>
File: 9FIGURE.pdf Graphic file (type pdf)
<use 9FIGURE.pdf>
Package pdftex.def Info: 9FIGURE.pdf  used on input line 187.
(pdftex.def)             Requested size: 242.67355pt x 161.78223pt.

Package xcolor Warning: Incompatible color definition on input line 188.


Package xcolor Warning: Incompatible color definition on input line 188.


Package xcolor Warning: Incompatible color definition on input line 197.


Overfull \hbox (15.27632pt too wide) in paragraph at lines 201--405
[][] 
 []


Package xcolor Warning: Incompatible color definition on input line 409.


Package xcolor Warning: Incompatible color definition on input line 411.



pdfTeX warning: pdflatex.exe (file ./10FIGURE.pdf): PDF inclusion: found PDF ve
rsion <1.7>, but at most version <1.5> allowed
<10FIGURE.pdf, id=455, 339.66899pt x 195.129pt>
File: 10FIGURE.pdf Graphic file (type pdf)
<use 10FIGURE.pdf>
Package pdftex.def Info: 10FIGURE.pdf  used on input line 416.
(pdftex.def)             Requested size: 242.67355pt x 139.41196pt.

Package xcolor Warning: Incompatible color definition on input line 417.


Package xcolor Warning: Incompatible color definition on input line 417.



pdfTeX warning: pdflatex.exe (file ./11FIGURE.pdf): PDF inclusion: found PDF ve
rsion <1.7>, but at most version <1.5> allowed
<11FIGURE.pdf, id=456, 260.23224pt x 180.675pt>
File: 11FIGURE.pdf Graphic file (type pdf)
<use 11FIGURE.pdf>
Package pdftex.def Info: 11FIGURE.pdf  used on input line 423.
(pdftex.def)             Requested size: 242.67355pt x 168.49191pt.

Package xcolor Warning: Incompatible color definition on input line 424.


Package xcolor Warning: Incompatible color definition on input line 424.


Package xcolor Warning: Incompatible color definition on input line 430.

File: notaglineLogo.png Graphic file (type png)
<use notaglineLogo.png>
Package pdftex.def Info: notaglineLogo.png  used on input line 432.
(pdftex.def)             Requested size: 91.32pt x 23.1352pt.

Overfull \hbox (505.12177pt too wide) has occurred while \output is active
[]
 []


Overfull \hbox (505.12177pt too wide) has occurred while \output is active
[]
 []


Underfull \hbox (badness 10000) has occurred while \output is active
[]
 []

[8 <./9FIGURE.pdf> <./10FIGURE.pdf>]

pdfTeX warning: pdflatex.exe (file ./12FIGURE.pdf): PDF inclusion: found PDF ve
rsion <1.7>, but at most version <1.5> allowed
<12FIGURE.pdf, id=520, 260.23224pt x 180.675pt>
File: 12FIGURE.pdf Graphic file (type pdf)
<use 12FIGURE.pdf>
Package pdftex.def Info: 12FIGURE.pdf  used on input line 434.
(pdftex.def)             Requested size: 242.67355pt x 168.49191pt.

Package xcolor Warning: Incompatible color definition on input line 435.


Package xcolor Warning: Incompatible color definition on input line 435.


Package xcolor Warning: Incompatible color definition on input line 443.


Underfull \vbox (badness 10000) has occurred while \output is active []

File: notaglineLogo.png Graphic file (type png)
<use notaglineLogo.png>
Package pdftex.def Info: notaglineLogo.png  used on input line 445.
(pdftex.def)             Requested size: 91.32pt x 23.1352pt.

Overfull \hbox (505.12177pt too wide) has occurred while \output is active
[]
 []


Overfull \hbox (505.12177pt too wide) has occurred while \output is active
[]
 []


Underfull \hbox (badness 10000) has occurred while \output is active
[]
 []

[9]

Package xcolor Warning: Incompatible color definition on input line 448.

<13Figure.png, id=525, 696.35156pt x 249.18094pt>
File: 13Figure.png Graphic file (type png)
<use 13Figure.png>
Package pdftex.def Info: 13Figure.png  used on input line 504.
(pdftex.def)             Requested size: 505.12177pt x 180.75229pt.

Package xcolor Warning: Incompatible color definition on input line 505.


Package xcolor Warning: Incompatible color definition on input line 505.

<14Figure.png, id=526, 718.18312pt x 245.41687pt>
File: 14Figure.png Graphic file (type png)
<use 14Figure.png>
Package pdftex.def Info: 14Figure.png  used on input line 514.
(pdftex.def)             Requested size: 505.12177pt x 172.61447pt.

Package xcolor Warning: Incompatible color definition on input line 515.


Package xcolor Warning: Incompatible color definition on input line 515.

<15Figure.png, id=527, 692.5875pt x 255.95625pt>
File: 15Figure.png Graphic file (type png)
<use 15Figure.png>
Package pdftex.def Info: 15Figure.png  used on input line 522.
(pdftex.def)             Requested size: 505.12177pt x 186.67856pt.

Package xcolor Warning: Incompatible color definition on input line 523.


Package xcolor Warning: Incompatible color definition on input line 523.

<16Figure.png, id=528, 725.71124pt x 252.19218pt>
File: 16Figure.png Graphic file (type png)
<use 16Figure.png>
Package pdftex.def Info: 16Figure.png  used on input line 531.
(pdftex.def)             Requested size: 505.12177pt x 175.53665pt.

Package xcolor Warning: Incompatible color definition on input line 532.


Package xcolor Warning: Incompatible color definition on input line 532.

<17Figure.png, id=529, 715.92468pt x 258.21469pt>
File: 17Figure.png Graphic file (type png)
<use 17Figure.png>
Package pdftex.def Info: 17Figure.png  used on input line 540.
(pdftex.def)             Requested size: 505.12177pt x 182.18715pt.

Package xcolor Warning: Incompatible color definition on input line 541.


Package xcolor Warning: Incompatible color definition on input line 541.


Package xcolor Warning: Incompatible color definition on input line 548.


Package xcolor Warning: Incompatible color definition on input line 550.


Package xcolor Warning: Incompatible color definition on input line 554.


Package xcolor Warning: Incompatible color definition on input line 597.


Package xcolor Warning: Incompatible color definition on input line 601.


Overfull \hbox (3.71829pt too wide) in paragraph at lines 605--618
 [][] 
 []


Package xcolor Warning: Incompatible color definition on input line 621.

<18FIGURE.pdf, id=530, 433.62pt x 289.08pt>
File: 18FIGURE.pdf Graphic file (type pdf)
<use 18FIGURE.pdf>
Package pdftex.def Info: 18FIGURE.pdf  used on input line 626.
(pdftex.def)             Requested size: 242.67355pt x 161.78223pt.

Package xcolor Warning: Incompatible color definition on input line 627.


Package xcolor Warning: Incompatible color definition on input line 627.

<19FIGURE.pdf, id=531, 433.62pt x 289.08pt>
File: 19FIGURE.pdf Graphic file (type pdf)
<use 19FIGURE.pdf>
Package pdftex.def Info: 19FIGURE.pdf  used on input line 633.
(pdftex.def)             Requested size: 242.67355pt x 161.78223pt.

Package xcolor Warning: Incompatible color definition on input line 634.


Package xcolor Warning: Incompatible color definition on input line 634.


Package xcolor Warning: Incompatible color definition on input line 643.

File: notaglineLogo.png Graphic file (type png)
<use notaglineLogo.png>
Package pdftex.def Info: notaglineLogo.png  used on input line 645.
(pdftex.def)             Requested size: 91.32pt x 23.1352pt.

Overfull \hbox (505.12177pt too wide) has occurred while \output is active
[]
 []


Overfull \hbox (505.12177pt too wide) has occurred while \output is active
[]
 []


Underfull \hbox (badness 10000) has occurred while \output is active
[]
 []

[10 <./11FIGURE.pdf> <./12FIGURE.pdf

pdfTeX warning: pdflatex.exe (file ./12FIGURE.pdf): PDF inclusion: multiple pdf
s with page group included in a single page
>]
File: notaglineLogo.png Graphic file (type png)
<use notaglineLogo.png>
Package pdftex.def Info: notaglineLogo.png  used on input line 645.
(pdftex.def)             Requested size: 91.32pt x 23.1352pt.

Overfull \hbox (505.12177pt too wide) has occurred while \output is active
[]
 []


Overfull \hbox (505.12177pt too wide) has occurred while \output is active
[]
 []


Underfull \hbox (badness 10000) has occurred while \output is active
[]
 []

[11 <./13Figure.png> <./14Figure.png>]
File: notaglineLogo.png Graphic file (type png)
<use notaglineLogo.png>
Package pdftex.def Info: notaglineLogo.png  used on input line 645.
(pdftex.def)             Requested size: 91.32pt x 23.1352pt.

Overfull \hbox (505.12177pt too wide) has occurred while \output is active
[]
 []


Overfull \hbox (505.12177pt too wide) has occurred while \output is active
[]
 []


Underfull \hbox (badness 10000) has occurred while \output is active
[]
 []

[12 <./15Figure.png> <./16Figure.png> <./17Figure.png>]
<20FIGURE.png, id=549, 421.575pt x 316.0608pt>
File: 20FIGURE.png Graphic file (type png)
<use 20FIGURE.png>
Package pdftex.def Info: 20FIGURE.png  used on input line 647.
(pdftex.def)             Requested size: 242.67355pt x 181.9361pt.


Package xcolor Warning: Incompatible color definition on input line 648.


Package xcolor Warning: Incompatible color definition on input line 648.


Package xcolor Warning: Incompatible color definition on input line 654.



pdfTeX warning: pdflatex.exe (file ./21FIGURE.pdf): PDF inclusion: found PDF ve
rsion <1.7>, but at most version <1.5> allowed
<21FIGURE.pdf, id=550, 180.675pt x 108.405pt>
File: 21FIGURE.pdf Graphic file (type pdf)
<use 21FIGURE.pdf>
Package pdftex.def Info: 21FIGURE.pdf  used on input line 658.
(pdftex.def)             Requested size: 242.67355pt x 145.60599pt.

Package xcolor Warning: Incompatible color definition on input line 659.


Package xcolor Warning: Incompatible color definition on input line 659.


Package xcolor Warning: Incompatible color definition on input line 666.


Package xcolor Warning: Incompatible color definition on input line 685.

File: notaglineLogo.png Graphic file (type png)
<use notaglineLogo.png>
Package pdftex.def Info: notaglineLogo.png  used on input line 700.
(pdftex.def)             Requested size: 91.32pt x 23.1352pt.

Overfull \hbox (505.12177pt too wide) has occurred while \output is active
[]
 []


Overfull \hbox (505.12177pt too wide) has occurred while \output is active
[]
 []


Underfull \hbox (badness 10000) has occurred while \output is active
[]
 []

[13 <./18FIGURE.pdf> <./19FIGURE.pdf>]
Underfull \hbox (badness 5667) in paragraph at lines 787--788
[]\T1/ptm/m/n/7.61 J.-H. Choi, J.-H. Kim, M. Cheon and J.-S. Lee, "Lightweight
 []


Underfull \hbox (badness 10000) in paragraph at lines 787--788
\T1/ptm/m/n/7.61 and ef-fi-cient im-age super-resolution with block state-based

 []


Underfull \hbox (badness 10000) in paragraph at lines 787--788
\T1/ptm/m/n/7.61 re-cur-sive net-work",\T1/ptm/m/it/7.61 arXiv:1811.12546 \T1/p
tm/m/n/7.61 , 2018, [on-line] Avail-able:
 []

File: notaglineLogo.png Graphic file (type png)
<use notaglineLogo.png>
Package pdftex.def Info: notaglineLogo.png  used on input line 806.
(pdftex.def)             Requested size: 91.32pt x 23.1352pt.

Overfull \hbox (505.12177pt too wide) has occurred while \output is active
[]
 []


Overfull \hbox (505.12177pt too wide) has occurred while \output is active
[]
 []


Underfull \hbox (badness 10000) has occurred while \output is active
[]
 []

[14 <./20FIGURE.png (PNG copy)> <./21FIGURE.pdf>]
LaTeX Font Info:    Calculating math sizes for size <7.61> on input line 847.
<a.png, id=629, 414.54875pt x 532.99126pt>
File: a.png Graphic file (type png)
<use a.png>
Package pdftex.def Info: a.png  used on input line 901.
(pdftex.def)             Requested size: 70.25728pt x 90.3308pt.
File: a.png Graphic file (type png)
<use a.png>
Package pdftex.def Info: a.png  used on input line 901.
(pdftex.def)             Requested size: 70.25728pt x 90.3308pt.
<b.png, id=632, 225.84375pt x 282.30469pt>
File: b.png Graphic file (type png)
<use b.png>
Package pdftex.def Info: b.png  used on input line 906.
(pdftex.def)             Requested size: 72.27147pt x 90.33934pt.
File: b.png Graphic file (type png)
<use b.png>
Package pdftex.def Info: b.png  used on input line 906.
(pdftex.def)             Requested size: 72.27147pt x 90.33934pt.

Underfull \hbox (badness 4217) in paragraph at lines 906--907
[]\T1/phv/m/n/8 SUPAVADEE ARAMVITH \T1/ptm/n/n/8 (Se-nior Mem-ber,
 []

File: notaglineLogo.png Graphic file (type png)
<use notaglineLogo.png>
Package pdftex.def Info: notaglineLogo.png  used on input line 909.
(pdftex.def)             Requested size: 91.32pt x 23.1352pt.

Overfull \hbox (505.12177pt too wide) has occurred while \output is active
[]
 []


Overfull \hbox (505.12177pt too wide) has occurred while \output is active
[]
 []


Underfull \hbox (badness 10000) has occurred while \output is active
[]
 []

[15 <./a.png> <./b.png>]
<c.png, id=640, 329.23pt x 376.40625pt>
File: c.png Graphic file (type png)
<use c.png>
Package pdftex.def Info: c.png  used on input line 909.
(pdftex.def)             Requested size: 72.27007pt x 82.62582pt.
File: c.png Graphic file (type png)
<use c.png>
Package pdftex.def Info: c.png  used on input line 909.
(pdftex.def)             Requested size: 72.27007pt x 82.62582pt.
File: bullet.png Graphic file (type png)
<use bullet.png>
Package pdftex.def Info: bullet.png  used on input line 917.
(pdftex.def)             Requested size: 5.0pt x 14.6871pt.
File: notaglineLogo.png Graphic file (type png)
<use notaglineLogo.png>
Package pdftex.def Info: notaglineLogo.png  used on input line 919.
(pdftex.def)             Requested size: 91.32pt x 23.1352pt.

Overfull \hbox (505.12177pt too wide) has occurred while \output is active
[]
 []


Overfull \hbox (505.12177pt too wide) has occurred while \output is active
[]
 []


Underfull \hbox (badness 10000) has occurred while \output is active
[]
 []

[16

 <./c.png>] (access.aux)

LaTeX Font Warning: Some font shapes were not available, defaults substituted.


LaTeX Warning: There were multiply-defined labels.

 ) 
Here is how much of TeX's memory you used:
 6214 strings out of 475385
 100244 string characters out of 2777379
 575290 words of memory out of 3000000
 27431 multiletter control sequences out of 15000+600000
 576858 words of font info for 181 fonts, out of 8000000 for 9000
 1141 hyphenation exceptions out of 8191
 70i,12n,76p,5874b,508s stack positions out of 10000i,1000n,20000p,200000b,80000s
{C:/Users/USER/AppData/Local/Programs/MiKTeX/fonts/enc/dvips/base/8r.enc}<C:/
Users/USER/AppData/Local/Programs/MiKTeX/fonts/type1/public/amsfonts/cm/cmmi10.
pfb><C:/Users/USER/AppData/Local/Programs/MiKTeX/fonts/type1/public/amsfonts/cm
/cmmi7.pfb><C:/Users/USER/AppData/Local/Programs/MiKTeX/fonts/type1/public/amsf
onts/cm/cmmi8.pfb><C:/Users/USER/AppData/Local/Programs/MiKTeX/fonts/type1/publ
ic/amsfonts/cm/cmr10.pfb><C:/Users/USER/AppData/Local/Programs/MiKTeX/fonts/typ
e1/public/amsfonts/cm/cmr7.pfb><C:/Users/USER/AppData/Local/Programs/MiKTeX/fon
ts/type1/public/amsfonts/cm/cmr8.pfb><C:/Users/USER/AppData/Local/Programs/MiKT
eX/fonts/type1/public/amsfonts/cm/cmsy10.pfb><C:/Users/USER/AppData/Local/Progr
ams/MiKTeX/fonts/type1/public/amsfonts/cm/cmsy7.pfb><C:/Users/USER/AppData/Loca
l/Programs/MiKTeX/fonts/type1/public/amsfonts/cm/cmsy8.pfb><C:/Users/USER/AppDa
ta/Local/Programs/MiKTeX/fonts/type1/public/amsfonts/symbols/msam10.pfb><C:/Use
rs/USER/AppData/Local/Programs/MiKTeX/fonts/type1/urw/courier/ucrr8a.pfb><C:/Us
ers/USER/AppData/Local/Programs/MiKTeX/fonts/type1/urw/helvetic/uhvb8a.pfb><C:/
Users/USER/AppData/Local/Programs/MiKTeX/fonts/type1/urw/helvetic/uhvbo8a.pfb><
C:/Users/USER/AppData/Local/Programs/MiKTeX/fonts/type1/urw/helvetic/uhvr8a.pfb
><C:/Users/USER/AppData/Local/Programs/MiKTeX/fonts/type1/urw/helvetic/uhvro8a.
pfb><C:/Users/USER/AppData/Local/Programs/MiKTeX/fonts/type1/urw/times/utmb8a.p
fb><C:/Users/USER/AppData/Local/Programs/MiKTeX/fonts/type1/urw/times/utmr8a.pf
b><C:/Users/USER/AppData/Local/Programs/MiKTeX/fonts/type1/urw/times/utmri8a.pf
b>
Output written on access.pdf (16 pages, 4449049 bytes).
PDF statistics:
 724 PDF objects out of 1000 (max. 8388607)
 0 named destinations out of 1000 (max. 500000)
 180 words of extra memory for PDF output out of 10000 (max. 10000000)

